manager/app/build/outputs/mapping/release/configuration.txt
# The proguard configuration file for the following section is release/processReleaseResources/aapt_rules.txt
-keep class androidx.compose.ui.tooling.PreviewActivity { <init>(); }
-keep class androidx.core.app.CoreComponentFactory { <init>(); }
-keep class androidx.core.content.FileProvider { <init>(); }
-keep class androidx.profileinstaller.ProfileInstallReceiver { <init>(); }
-keep class androidx.startup.InitializationProvider { <init>(); }
-keep class com.sukisu.ultra.KernelSUApplication { <init>(); }
-keep class com.sukisu.ultra.ui.MainActivity { <init>(); }
-keep class com.sukisu.ultra.ui.webui.WebUIActivity { <init>(); }
-keep class com.sukisu.ultra.ui.webui.WebUIXActivity { <init>(); }
-keep class android.widget.Space { <init>(android.content.Context, android.util.AttributeSet); }

-keep class androidx.appcompat.app.AlertController$RecycleListView { <init>(android.content.Context, android.util.AttributeSet); }

-keep class androidx.appcompat.view.menu.ActionMenuItemView { <init>(android.content.Context, android.util.AttributeSet); }

-keep class androidx.appcompat.view.menu.ExpandedMenuView { <init>(android.content.Context, android.util.AttributeSet); }

-keep class androidx.appcompat.view.menu.ListMenuItemView { <init>(android.content.Context, android.util.AttributeSet); }

-keep class androidx.appcompat.widget.ActionBarContainer { <init>(android.content.Context, android.util.AttributeSet); }

-keep class androidx.appcompat.widget.ActionBarContextView { <init>(android.content.Context, android.util.AttributeSet); }

-keep class androidx.appcompat.widget.ActionBarOverlayLayout { <init>(android.content.Context, android.util.AttributeSet); }

-keep class androidx.appcompat.widget.ActionMenuView { <init>(android.content.Context, android.util.AttributeSet); }

-keep class androidx.appcompat.widget.ActivityChooserView$InnerLayout { <init>(android.content.Context, android.util.AttributeSet); }

-keep class androidx.appcompat.widget.AlertDialogLayout { <init>(android.content.Context, android.util.AttributeSet); }

-keep class androidx.appcompat.widget.ButtonBarLayout { <init>(android.content.Context, android.util.AttributeSet); }

-keep class androidx.appcompat.widget.ContentFrameLayout { <init>(android.content.Context, android.util.AttributeSet); }

-keep class androidx.appcompat.widget.DialogTitle { <init>(android.content.Context, android.util.AttributeSet); }

-keep class androidx.appcompat.widget.FitWindowsFrameLayout { <init>(android.content.Context, android.util.AttributeSet); }

-keep class androidx.appcompat.widget.FitWindowsLinearLayout { <init>(android.content.Context, android.util.AttributeSet); }

-keep class androidx.appcompat.widget.SearchView$SearchAutoComplete { <init>(android.content.Context, android.util.AttributeSet); }

-keep class androidx.appcompat.widget.Toolbar { <init>(android.content.Context, android.util.AttributeSet); }

-keep class androidx.appcompat.widget.ViewStubCompat { <init>(android.content.Context, android.util.AttributeSet); }

-keep class androidx.browser.browseractions.BrowserActionsFallbackMenuView { <init>(android.content.Context, android.util.AttributeSet); }

-keep class androidx.constraintlayout.helper.widget.Flow { <init>(android.content.Context, android.util.AttributeSet); }

-keep class androidx.constraintlayout.widget.ConstraintLayout { <init>(android.content.Context, android.util.AttributeSet); }

-keep class androidx.coordinatorlayout.widget.CoordinatorLayout { <init>(android.content.Context, android.util.AttributeSet); }

-keep class androidx.core.widget.NestedScrollView { <init>(android.content.Context, android.util.AttributeSet); }

-keep class androidx.fragment.app.FragmentContainerView { <init>(android.content.Context, android.util.AttributeSet); }

-keep class androidx.recyclerview.widget.RecyclerView { <init>(android.content.Context, android.util.AttributeSet); }

-keep class com.google.android.material.appbar.MaterialToolbar { <init>(android.content.Context, android.util.AttributeSet); }

-keep class com.google.android.material.button.MaterialButton { <init>(android.content.Context, android.util.AttributeSet); }

-keep class com.google.android.material.button.MaterialButtonToggleGroup { <init>(android.content.Context, android.util.AttributeSet); }

-keep class com.google.android.material.chip.Chip { <init>(android.content.Context, android.util.AttributeSet); }

-keep class com.google.android.material.datepicker.MaterialCalendarGridView { <init>(android.content.Context, android.util.AttributeSet); }

-keep class com.google.android.material.internal.BaselineLayout { <init>(android.content.Context, android.util.AttributeSet); }

-keep class com.google.android.material.internal.CheckableImageButton { <init>(android.content.Context, android.util.AttributeSet); }

-keep class com.google.android.material.internal.ClippableRoundedCornerLayout { <init>(android.content.Context, android.util.AttributeSet); }

-keep class com.google.android.material.internal.NavigationMenuItemView { <init>(android.content.Context, android.util.AttributeSet); }

-keep class com.google.android.material.internal.NavigationMenuView { <init>(android.content.Context, android.util.AttributeSet); }

-keep class com.google.android.material.internal.TouchObserverFrameLayout { <init>(android.content.Context, android.util.AttributeSet); }

-keep class com.google.android.material.snackbar.Snackbar$SnackbarLayout { <init>(android.content.Context, android.util.AttributeSet); }

-keep class com.google.android.material.snackbar.SnackbarContentLayout { <init>(android.content.Context, android.util.AttributeSet); }

-keep class com.google.android.material.textfield.TextInputEditText { <init>(android.content.Context, android.util.AttributeSet); }

-keep class com.google.android.material.textfield.TextInputLayout { <init>(android.content.Context, android.util.AttributeSet); }

-keep class com.google.android.material.timepicker.ChipTextInputComboView { <init>(android.content.Context, android.util.AttributeSet); }

-keep class com.google.android.material.timepicker.ClockFaceView { <init>(android.content.Context, android.util.AttributeSet); }

-keep class com.google.android.material.timepicker.ClockHandView { <init>(android.content.Context, android.util.AttributeSet); }

-keep class com.google.android.material.timepicker.TimePickerView { <init>(android.content.Context, android.util.AttributeSet); }

-keep class me.zhanghai.android.appiconloader.iconloaderlib.FixedScaleDrawable { <init>(...); }


# End of content from release/processReleaseResources/aapt_rules.txt
# The proguard configuration file for the following section is default_proguard_files/global/proguard-android-optimize.txt-8.10.1
# This is a configuration file for ProGuard.
# http://proguard.sourceforge.net/index.html#manual/usage.html
#
# Starting with version 2.2 of the Android plugin for Gradle, this file is distributed together with
# the plugin and unpacked at build-time. The files in $ANDROID_HOME are no longer maintained and
# will be ignored by new version of the Android plugin for Gradle.

# Optimizations: If you don't want to optimize, use the proguard-android.txt configuration file
# instead of this one, which turns off the optimization flags.
-allowaccessmodification

# Preserve some attributes that may be required for reflection.
-keepattributes AnnotationDefault,
                EnclosingMethod,
                InnerClasses,
                RuntimeVisibleAnnotations,
                RuntimeVisibleParameterAnnotations,
                RuntimeVisibleTypeAnnotations,
                Signature

-keep public class com.google.vending.licensing.ILicensingService
-keep public class com.android.vending.licensing.ILicensingService
-keep public class com.google.android.vending.licensing.ILicensingService
-dontnote com.android.vending.licensing.ILicensingService
-dontnote com.google.vending.licensing.ILicensingService
-dontnote com.google.android.vending.licensing.ILicensingService

# For native methods, see https://www.guardsquare.com/manual/configuration/examples#native
-keepclasseswithmembernames,includedescriptorclasses class * {
    native <methods>;
}

# Keep setters in Views so that animations can still work.
-keepclassmembers public class * extends android.view.View {
    void set*(***);
    *** get*();
}

# We want to keep methods in Activity that could be used in the XML attribute onClick.
-keepclassmembers class * extends android.app.Activity {
    public void *(android.view.View);
}

# For enumeration classes, see https://www.guardsquare.com/manual/configuration/examples#enumerations
-keepclassmembers enum * {
    public static **[] values();
    public static ** valueOf(java.lang.String);
}

-keepclassmembers class * implements android.os.Parcelable {
    public static final ** CREATOR;
}

# Preserve annotated Javascript interface methods.
-keepclassmembers class * {
    @android.webkit.JavascriptInterface <methods>;
}

# The support libraries contains references to newer platform versions.
# Don't warn about those in case this app is linking against an older
# platform version. We know about them, and they are safe.
-dontnote android.support.**
-dontnote androidx.**
-dontwarn android.support.**
-dontwarn androidx.**

# Understand the @Keep support annotation.
-keep class android.support.annotation.Keep

-keep @android.support.annotation.Keep class * {*;}

-keepclasseswithmembers class * {
    @android.support.annotation.Keep <methods>;
}

-keepclasseswithmembers class * {
    @android.support.annotation.Keep <fields>;
}

-keepclasseswithmembers class * {
    @android.support.annotation.Keep <init>(...);
}

# These classes are duplicated between android.jar and org.apache.http.legacy.jar.
-dontnote org.apache.http.**
-dontnote android.net.http.**

# These classes are duplicated between android.jar and core-lambda-stubs.jar.
-dontnote java.lang.invoke.**

# End of content from default_proguard_files/global/proguard-android-optimize.txt-8.10.1
# The proguard configuration file for the following section is manager/app/proguard-rules.pro
-verbose
-optimizationpasses 5

-dontwarn org.conscrypt.**
-dontwarn kotlinx.serialization.**

# Please add these rules to your existing keep rules in order to suppress warnings.
# This is generated automatically by the Android Gradle plugin.
-dontwarn com.google.auto.service.AutoService
-dontwarn com.google.j2objc.annotations.RetainedWith
-dontwarn javax.lang.model.SourceVersion
-dontwarn javax.lang.model.element.AnnotationMirror
-dontwarn javax.lang.model.element.AnnotationValue
-dontwarn javax.lang.model.element.Element
-dontwarn javax.lang.model.element.ElementKind
-dontwarn javax.lang.model.element.ElementVisitor
-dontwarn javax.lang.model.element.ExecutableElement
-dontwarn javax.lang.model.element.Modifier
-dontwarn javax.lang.model.element.Name
-dontwarn javax.lang.model.element.PackageElement
-dontwarn javax.lang.model.element.TypeElement
-dontwarn javax.lang.model.element.TypeParameterElement
-dontwarn javax.lang.model.element.VariableElement
-dontwarn javax.lang.model.type.ArrayType
-dontwarn javax.lang.model.type.DeclaredType
-dontwarn javax.lang.model.type.ExecutableType
-dontwarn javax.lang.model.type.TypeKind
-dontwarn javax.lang.model.type.TypeMirror
-dontwarn javax.lang.model.type.TypeVariable
-dontwarn javax.lang.model.type.TypeVisitor
-dontwarn javax.lang.model.util.AbstractAnnotationValueVisitor8
-dontwarn javax.lang.model.util.AbstractTypeVisitor8
-dontwarn javax.lang.model.util.ElementFilter
-dontwarn javax.lang.model.util.Elements
-dontwarn javax.lang.model.util.SimpleElementVisitor8
-dontwarn javax.lang.model.util.SimpleTypeVisitor7
-dontwarn javax.lang.model.util.SimpleTypeVisitor8
-dontwarn javax.lang.model.util.Types
-dontwarn javax.tools.Diagnostic$Kind


# MMRL:webui reflection
-keep class com.dergoogler.mmrl.webui.model.ModId { *; }
-keep class com.dergoogler.mmrl.webui.interfaces.** { *; }
-keep class com.sukisu.ultra.ui.webui.WebViewInterface { *; }

-keep,allowobfuscation class * extends com.dergoogler.mmrl.platform.content.IService { *; }
# End of content from manager/app/proguard-rules.pro
# The proguard configuration file for the following section is transformed/webui-2bb00b3c2b/proguard.txt
# Tell consumers to keep all classes that extend WXInterface
-keep class * extends com.dergoogler.mmrl.webui.interfaces.WXInterface {
    <init>(...);
    *;
}

-keep class com.dergoogler.mmrl.webui.interfaces.**
-keep class * extends com.dergoogler.mmrl.webui.interfaces.WXInterface
-if class com.dergoogler.mmrl.webui.interfaces.Manager
-keepnames class com.dergoogler.mmrl.webui.interfaces.Manager
-if class com.dergoogler.mmrl.webui.interfaces.Manager
-keep class com.dergoogler.mmrl.webui.interfaces.ManagerJsonAdapter {
    public <init>(com.squareup.moshi.Moshi);
}

-if class com.dergoogler.mmrl.webui.model.Manager
-keepnames class com.dergoogler.mmrl.webui.model.Manager
-if class com.dergoogler.mmrl.webui.model.Manager
-keep class com.dergoogler.mmrl.webui.model.ManagerJsonAdapter {
    public <init>(com.squareup.moshi.Moshi);
}

-if class com.dergoogler.mmrl.webui.model.UMUserInfo
-keepnames class com.dergoogler.mmrl.webui.model.UMUserInfo
-if class com.dergoogler.mmrl.webui.model.UMUserInfo
-keep class com.dergoogler.mmrl.webui.model.UMUserInfoJsonAdapter {
    public <init>(com.squareup.moshi.Moshi);
}

-if class com.dergoogler.mmrl.webui.model.WebUIConfig
-keepnames class com.dergoogler.mmrl.webui.model.WebUIConfig
-if class com.dergoogler.mmrl.webui.model.WebUIConfig
-keep class com.dergoogler.mmrl.webui.model.WebUIConfigJsonAdapter {
    public <init>(com.squareup.moshi.Moshi);
}
-if class com.dergoogler.mmrl.webui.model.WebUIConfig
-keepnames class kotlin.jvm.internal.DefaultConstructorMarker
-if class com.dergoogler.mmrl.webui.model.WebUIConfig
-keepclassmembers class com.dergoogler.mmrl.webui.model.WebUIConfig {
    public synthetic <init>(com.dergoogler.mmrl.webui.model.WebUIConfigRequire,java.util.List,boolean,java.lang.String,java.lang.String,boolean,boolean,boolean,java.lang.String,boolean,int,kotlin.jvm.internal.DefaultConstructorMarker);
}

-if class com.dergoogler.mmrl.webui.model.WebUIConfigDexFile
-keepnames class com.dergoogler.mmrl.webui.model.WebUIConfigDexFile
-if class com.dergoogler.mmrl.webui.model.WebUIConfigDexFile
-keep class com.dergoogler.mmrl.webui.model.WebUIConfigDexFileJsonAdapter {
    public <init>(com.squareup.moshi.Moshi);
}
-if class com.dergoogler.mmrl.webui.model.WebUIConfigDexFile
-keepnames class kotlin.jvm.internal.DefaultConstructorMarker
-if class com.dergoogler.mmrl.webui.model.WebUIConfigDexFile
-keepclassmembers class com.dergoogler.mmrl.webui.model.WebUIConfigDexFile {
    public synthetic <init>(java.lang.String,java.lang.String,int,kotlin.jvm.internal.DefaultConstructorMarker);
}

-if class com.dergoogler.mmrl.webui.model.WebUIConfigRequire
-keepnames class com.dergoogler.mmrl.webui.model.WebUIConfigRequire
-if class com.dergoogler.mmrl.webui.model.WebUIConfigRequire
-keep class com.dergoogler.mmrl.webui.model.WebUIConfigRequireJsonAdapter {
    public <init>(com.squareup.moshi.Moshi);
}
-if class com.dergoogler.mmrl.webui.model.WebUIConfigRequire
-keepnames class kotlin.jvm.internal.DefaultConstructorMarker
-if class com.dergoogler.mmrl.webui.model.WebUIConfigRequire
-keepclassmembers class com.dergoogler.mmrl.webui.model.WebUIConfigRequire {
    public synthetic <init>(java.util.List,com.dergoogler.mmrl.webui.model.WebUIConfigRequireVersion,int,kotlin.jvm.internal.DefaultConstructorMarker);
}

-if class com.dergoogler.mmrl.webui.model.WebUIConfigRequireVersion
-keepnames class com.dergoogler.mmrl.webui.model.WebUIConfigRequireVersion
-if class com.dergoogler.mmrl.webui.model.WebUIConfigRequireVersion
-keep class com.dergoogler.mmrl.webui.model.WebUIConfigRequireVersionJsonAdapter {
    public <init>(com.squareup.moshi.Moshi);
}
-if class com.dergoogler.mmrl.webui.model.WebUIConfigRequireVersion
-keepnames class kotlin.jvm.internal.DefaultConstructorMarker
-if class com.dergoogler.mmrl.webui.model.WebUIConfigRequireVersion
-keepclassmembers class com.dergoogler.mmrl.webui.model.WebUIConfigRequireVersion {
    public synthetic <init>(int,java.lang.String,java.lang.String,int,kotlin.jvm.internal.DefaultConstructorMarker);
}

-if class com.dergoogler.mmrl.webui.model.WebUIConfigRequireVersionPackages
-keepnames class com.dergoogler.mmrl.webui.model.WebUIConfigRequireVersionPackages
-if class com.dergoogler.mmrl.webui.model.WebUIConfigRequireVersionPackages
-keep class com.dergoogler.mmrl.webui.model.WebUIConfigRequireVersionPackagesJsonAdapter {
    public <init>(com.squareup.moshi.Moshi);
}
-if class com.dergoogler.mmrl.webui.model.WebUIConfigRequireVersionPackages
-keepnames class kotlin.jvm.internal.DefaultConstructorMarker
-if class com.dergoogler.mmrl.webui.model.WebUIConfigRequireVersionPackages
-keepclassmembers class com.dergoogler.mmrl.webui.model.WebUIConfigRequireVersionPackages {
    public synthetic <init>(int,java.lang.Object,java.lang.String,java.lang.String,int,kotlin.jvm.internal.DefaultConstructorMarker);
}

# End of content from transformed/webui-2bb00b3c2b/proguard.txt
# The proguard configuration file for the following section is transformed/ui-2bb00b3c2b/proguard.txt

# End of content from transformed/ui-2bb00b3c2b/proguard.txt
# The proguard configuration file for the following section is transformed/core-2.1.0/proguard.txt

# End of content from transformed/core-2.1.0/proguard.txt
# The proguard configuration file for the following section is transformed/platform-2bb00b3c2b/proguard.txt

-if class com.dergoogler.mmrl.platform.model.ModuleConfig
-keepnames class com.dergoogler.mmrl.platform.model.ModuleConfig
-if class com.dergoogler.mmrl.platform.model.ModuleConfig
-keep class com.dergoogler.mmrl.platform.model.ModuleConfigJsonAdapter {
    public <init>(com.squareup.moshi.Moshi);
}
-if class com.dergoogler.mmrl.platform.model.ModuleConfig
-keepnames class kotlin.jvm.internal.DefaultConstructorMarker
-if class com.dergoogler.mmrl.platform.model.ModuleConfig
-keepclassmembers class com.dergoogler.mmrl.platform.model.ModuleConfig {
    public synthetic <init>(java.lang.Object,java.lang.Object,java.lang.Object,int,kotlin.jvm.internal.DefaultConstructorMarker);
}

# End of content from transformed/platform-2bb00b3c2b/proguard.txt
# The proguard configuration file for the following section is transformed/ext-2bb00b3c2b/proguard.txt

# End of content from transformed/ext-2bb00b3c2b/proguard.txt
# The proguard configuration file for the following section is transformed/navigation-runtime-release/proguard.txt
# Intentionally empty proguard rules to indicate this library is safe to shrink

# End of content from transformed/navigation-runtime-release/proguard.txt
# The proguard configuration file for the following section is transformed/navigation-common-release/proguard.txt
# Copyright (C) 2019 The Android Open Source Project
#
# Licensed under the Apache License, Version 2.0 (the "License");
# you may not use this file except in compliance with the License.
# You may obtain a copy of the License at
#
#      http://www.apache.org/licenses/LICENSE-2.0
#
# Unless required by applicable law or agreed to in writing, software
# distributed under the License is distributed on an "AS IS" BASIS,
# WITHOUT WARRANTIES OR CONDITIONS OF ANY KIND, either express or implied.
# See the License for the specific language governing permissions and
# limitations under the License.

# NavArgsLazy creates NavArgs instances using reflection
-if public class ** implements androidx.navigation.NavArgs
-keepclassmembers public class <1> {
    ** fromBundle(android.os.Bundle);
}

# Retain the @Navigator.Name annotation on each subclass of Navigator.
# R8 full mode only retains annotations on items matched by a -keep rule,
# hence the extra -keep rule for the subclasses of Navigator.
#