manager/app/build/outputs/mapping/release/seeds.txt
com.dergoogler.mmrl.webui.interfaces.PackageManagerInterface$getApplicationInfo$3: java.lang.Object invoke(kotlinx.coroutines.CoroutineScope,kotlin.coroutines.Continuation)
androidx.appcompat.widget.Toolbar: int getCurrentContentInsetEnd()
androidx.appcompat.widget.ActionMenuView: void setOverflowReserved(boolean)
com.sukisu.ultra.ui.MainActivity: MainActivity()
com.topjohnwu.superuser.ipc.RootService: java.lang.Runnable createBindTask(android.content.Intent,java.util.concurrent.Executor,android.content.ServiceConnection)
com.dergoogler.mmrl.webui.interfaces.WXInterface$console$1: void error(java.lang.String,java.lang.String[])
androidx.compose.ui.platform.AbstractComposeView: boolean getHasComposition()
androidx.recyclerview.widget.StaggeredGridLayoutManager: StaggeredGridLayoutManager(android.content.Context,android.util.AttributeSet,int,int)
androidx.appcompat.widget.Toolbar: void setTitle(java.lang.CharSequence)
androidx.compose.ui.platform.AndroidComposeView: androidx.compose.ui.autofill.AutofillManager getAutofillManager()
com.sukisu.ultra.ui.webui.WebUIActivity: WebUIActivity()
com.google.android.material.chip.Chip: void setCheckedIcon(android.graphics.drawable.Drawable)
androidx.core.view.ViewCompat$Api21Impl: androidx.core.view.WindowInsetsCompat computeSystemWindowInsets(android.view.View,androidx.core.view.WindowInsetsCompat,android.graphics.Rect)
androidx.core.view.ViewCompat$Api21Impl: android.graphics.PorterDuff$Mode getBackgroundTintMode(android.view.View)
com.google.android.material.textfield.TextInputLayout: void setErrorTextColor(android.content.res.ColorStateList)
com.google.android.material.chip.Chip: void setEllipsize(android.text.TextUtils$TruncateAt)
com.dergoogler.mmrl.webui.interfaces.UMApplicationInfo: java.lang.String getSplitPublicSourceDirs()
androidx.lifecycle.Lifecycle$Event: androidx.lifecycle.Lifecycle$Event[] values()
com.google.gson.internal.bind.TypeAdapters$24: TypeAdapters$24()
com.dergoogler.mmrl.webui.interfaces.ModuleInterface: void createShortcut(java.lang.String,java.lang.String)
com.dergoogler.mmrl.webui.interfaces.UMApplicationInfo: java.lang.String component3()
androidx.compose.ui.platform.ViewLayer: void setInvalidated(boolean)
com.dergoogler.mmrl.platform.model.ModuleConfig: ModuleConfig(java.lang.Object,java.lang.Object,java.lang.Object)
com.google.android.material.textfield.TextInputLayout: android.widget.TextView getSuffixTextView()
androidx.appcompat.widget.AppCompatTextViewAutoSizeHelper$Impl29: boolean isHorizontallyScrollable(android.widget.TextView)
kotlinx.html.IframeSandbox: kotlinx.html.IframeSandbox valueOf(java.lang.String)
androidx.compose.material3.tokens.TypographyKeyTokens: androidx.compose.material3.tokens.TypographyKeyTokens valueOf(java.lang.String)
androidx.appcompat.widget.AppCompatTextView: android.view.textclassifier.TextClassifier getTextClassifier()
com.sukisu.ultra.ui.webui.WebViewInterface: void setName(java.lang.String)
com.dergoogler.mmrl.webui.interfaces.FileInputInterface: java.lang.String getName()
com.google.android.material.button.MaterialButton: int getInsetTop()
androidx.appcompat.widget.AppCompatCheckBox: void setButtonDrawable(int)
androidx.compose.ui.platform.AndroidComposeView: void setContentCaptureManager$ui_release(androidx.compose.ui.contentcapture.AndroidContentCaptureManager)
androidx.appcompat.view.menu.ActionMenuItemView: androidx.appcompat.view.menu.MenuItemImpl getItemData()
kotlinx.coroutines.flow.SharingCommand: kotlinx.coroutines.flow.SharingCommand[] values()
androidx.vectordrawable.graphics.drawable.VectorDrawableCompat$VGroup: void setPivotX(float)
android.support.v4.app.RemoteActionCompatParcelizer: androidx.core.app.RemoteActionCompat read(androidx.versionedparcelable.VersionedParcel)
com.google.android.material.snackbar.BaseTransientBottomBar$SnackbarBaseLayout: void setBackgroundTintMode(android.graphics.PorterDuff$Mode)
com.dergoogler.mmrl.webui.interfaces.FileInterface: boolean isSymLink(java.lang.String)